d:\users\jesse\documents\github\heavy-oop-advanced\les1\les1\les1\debug\vc140.pdb
c:\users\jesse van vliet\documents\github\heavy-oop-advanced\les1\les1\les1\debug\vc140.pdb
c:\users\jesse van vliet\documents\github\heavy-oop-advanced\les1\les1\les1\debug\vc140.idb
c:\users\jesse van vliet\documents\github\heavy-oop-advanced\les1\les1\les1\debug\containership.obj
c:\users\jesse van vliet\documents\github\heavy-oop-advanced\les1\les1\les1\debug\main.obj
c:\users\jesse van vliet\documents\github\heavy-oop-advanced\les1\les1\les1\debug\shippingcontainer.obj
c:\users\jesse van vliet\documents\github\heavy-oop-advanced\les1\les1\les1\debug\bankrekening.obj
c:\users\jesse van vliet\documents\github\heavy-oop-advanced\les1\les1\les1\debug\transactie.obj
c:\users\jesse\documents\github\heavy-oop-advanced\huiswerk 1\les1\les1\les1\debug\vc140.pdb
c:\users\jesse\documents\github\heavy-oop-advanced\huiswerk 1\les1\les1\les1\debug\vc140.idb
c:\users\jesse\documents\github\heavy-oop-advanced\huiswerk 1\les1\les1\les1\debug\config.obj
c:\users\jesse\documents\github\heavy-oop-advanced\huiswerk 1\les1\les1\les1\debug\bankrekening.obj
c:\users\jesse\documents\github\heavy-oop-advanced\huiswerk 1\les1\les1\les1\debug\transactie.obj
d:\users\jesse\documents\github\heavy-oop-advanced\les1\les1\debug\les1.ilk
d:\users\jesse\documents\github\heavy-oop-advanced\les1\les1\debug\les1.exe
d:\users\jesse\documents\github\heavy-oop-advanced\les1\les1\debug\les1.pdb
c:\users\jesse van vliet\documents\github\heavy-oop-advanced\les1\les1\debug\les1.ilk
c:\users\jesse van vliet\documents\github\heavy-oop-advanced\les1\les1\debug\les1.exe
c:\users\jesse van vliet\documents\github\heavy-oop-advanced\les1\les1\debug\les1.pdb
c:\users\jesse\documents\github\heavy-oop-advanced\huiswerk 1\les1\les1\les1\debug\containership.obj
c:\users\jesse\documents\github\heavy-oop-advanced\huiswerk 1\les1\les1\les1\debug\shippingcontainer.obj
c:\users\jesse\documents\github\heavy-oop-advanced\huiswerk 1\les1\les1\debug\les1.pdb
c:\users\jesse\documents\github\heavy-oop-advanced\huiswerk 1\les1\les1\debug\les1.exe
c:\users\jesse\documents\github\heavy-oop-advanced\huiswerk 1\les1\les1\debug\les1.ilk
c:\users\jesse\documents\github\heavy-oop-advanced\huiswerk 1\les1\les1\les1\debug\les1.tlog\cl.command.1.tlog
c:\users\jesse\documents\github\heavy-oop-advanced\huiswerk 1\les1\les1\les1\debug\les1.tlog\cl.read.1.tlog
c:\users\jesse\documents\github\heavy-oop-advanced\huiswerk 1\les1\les1\les1\debug\les1.tlog\cl.write.1.tlog
c:\users\jesse\documents\github\heavy-oop-advanced\huiswerk 1\les1\les1\les1\debug\les1.tlog\link.command.1.tlog
c:\users\jesse\documents\github\heavy-oop-advanced\huiswerk 1\les1\les1\les1\debug\les1.tlog\link.read.1.tlog
c:\users\jesse\documents\github\heavy-oop-advanced\huiswerk 1\les1\les1\les1\debug\les1.tlog\link.write.1.tlog
